Using pre-set license
Built from '2021.2/staging' branch; Version is '2021.2.14f1 (bcb93e5482d2) revision 12368190'; Using compiler version '192829333'; Build Type 'Release'
OS: 'Windows 10  (10.0.19044) 64bit Education' Language: 'es' Physical Memory: 32681 MB
BatchMode: 1, IsHumanControllingUs: 0, StartBugReporterOnCrash: 0, Is64bit: 1, IsPro: 1

COMMAND LINE ARGUMENTS:
C:\Program Files\UnityEditors\2021.2.14f1\Editor\Unity.exe
-adb2
-batchMode
-noUpm
-name
AssetImportWorker1
-projectPath
A:/PangProject/Pang-Unity/PangProject
-logFile
Logs/AssetImportWorker1.log
-srvPort
57423
Successfully changed project path to: A:/PangProject/Pang-Unity/PangProject
A:/PangProject/Pang-Unity/PangProject
[UnityMemory] Configuration Parameters - Can be set up in boot.config
    "memorysetup-bucket-allocator-granularity=16"
    "memorysetup-bucket-allocator-bucket-count=8"
    "memorysetup-bucket-allocator-block-size=33554432"
    "memorysetup-bucket-allocator-block-count=8"
    "memorysetup-main-allocator-block-size=16777216"
    "memorysetup-thread-allocator-block-size=16777216"
    "memorysetup-gfx-main-allocator-block-size=16777216"
    "memorysetup-gfx-thread-allocator-block-size=16777216"
    "memorysetup-cache-allocator-block-size=4194304"
    "memorysetup-typetree-allocator-block-size=2097152"
    "memorysetup-profiler-bucket-allocator-granularity=16"
    "memorysetup-profiler-bucket-allocator-bucket-count=8"
    "memorysetup-profiler-bucket-allocator-block-size=33554432"
    "memorysetup-profiler-bucket-allocator-block-count=8"
    "memorysetup-profiler-allocator-block-size=16777216"
    "memorysetup-profiler-editor-allocator-block-size=1048576"
    "memorysetup-temp-allocator-size-main=16777216"
    "memorysetup-job-temp-allocator-block-size=2097152"
    "memorysetup-job-temp-allocator-block-size-background=1048576"
    "memorysetup-job-temp-allocator-reduction-small-platforms=262144"
    "memorysetup-temp-allocator-size-background-worker=32768"
    "memorysetup-temp-allocator-size-job-worker=262144"
    "memorysetup-temp-allocator-size-preload-manager=33554432"
    "memorysetup-temp-allocator-size-nav-mesh-worker=65536"
    "memorysetup-temp-allocator-size-audio-worker=65536"
    "memorysetup-temp-allocator-size-cloud-worker=32768"
    "memorysetup-temp-allocator-size-gi-baking-worker=262144"
    "memorysetup-temp-allocator-size-gfx=262144"
Refreshing native plugins compatible for Editor in 56.40 ms, found 3 plugins.
Preloading 0 native plugins for Editor in 0.00 ms.
Initialize engine version: 2021.2.14f1 (bcb93e5482d2)
[Subsystems] Discovering subsystems at path C:/Program Files/UnityEditors/2021.2.14f1/Editor/Data/Resources/UnitySubsystems
[Subsystems] Discovering subsystems at path A:/PangProject/Pang-Unity/PangProject/Assets
GfxDevice: creating device client; threaded=0; jobified=0
Direct3D:
    Version:  Direct3D 11.0 [level 11.1]
    Renderer: NVIDIA GeForce RTX 3080 (ID=0x2216)
    Vendor:   NVIDIA
    VRAM:     10078 MB
    Driver:   31.0.15.1694
Initialize mono
Mono path[0] = 'C:/Program Files/UnityEditors/2021.2.14f1/Editor/Data/Managed'
Mono path[1] = 'C:/Program Files/UnityEditors/2021.2.14f1/Editor/Data/MonoBleedingEdge/lib/mono/unityjit-win32'
Mono config path = 'C:/Program Files/UnityEditors/2021.2.14f1/Editor/Data/MonoBleedingEdge/etc'
Using monoOptions --debugger-agent=transport=dt_socket,embedding=1,server=y,suspend=n,address=127.0.0.1:56484
Begin MonoManager ReloadAssembly
Registering precompiled unity dll's ...
Register platform support module: C:/Program Files/UnityEditors/2021.2.14f1/Editor/Data/PlaybackEngines/WindowsStandaloneSupport/UnityEditor.WindowsStandalone.Extensions.dll
Registered in 0.004650 seconds.
Native extension for WindowsStandalone target not found
Refreshing native plugins compatible for Editor in 55.20 ms, found 3 plugins.
Preloading 0 native plugins for Editor in 0.00 ms.
Mono: successfully reloaded assembly
- Completed reload, in  0.453 seconds
Domain Reload Profiling:
	ReloadAssembly (454ms)
		BeginReloadAssembly (59ms)
			ExecutionOrderSort (0ms)
			DisableScriptedObjects (0ms)
			BackupInstance (0ms)
			ReleaseScriptingObjects (0ms)
			CreateAndSetChildDomain (1ms)
		EndReloadAssembly (316ms)
			LoadAssemblies (56ms)
			RebuildTransferFunctionScriptingTraits (0ms)
			SetupTypeCache (63ms)
			ReleaseScriptCaches (0ms)
			RebuildScriptCaches (20ms)
			SetupLoadedEditorAssemblies (196ms)
				LogAssemblyErrors (0ms)
				InitializePlatformSupportModulesInManaged (6ms)
				SetLoadedEditorAssemblies (0ms)
				RefreshPlugins (55ms)
				BeforeProcessingInitializeOnLoad (1ms)
				ProcessInitializeOnLoadAttributes (102ms)
				ProcessInitializeOnLoadMethodAttributes (31ms)
				AfterProcessingInitializeOnLoad (0ms)
				EditorAssembliesLoaded (0ms)
			ExecutionOrderSort2 (0ms)
			AwakeInstancesAfterBackupRestoration (0ms)
Platform modules already initialized, skipping
Registering precompiled user dll's ...
Registered in 0.003501 seconds.
Begin MonoManager ReloadAssembly
Symbol file LoadedFromMemory doesn't match image A:\PangProject\Pang-Unity\PangProject\Library\PackageCache\com.unity.visualscripting@1.7.6\Editor\VisualScripting.Core\Dependencies\YamlDotNet\Unity.VisualScripting.YamlDotNet.dll
Symbol file LoadedFromMemory doesn't match image A:\PangProject\Pang-Unity\PangProject\Library\PackageCache\com.unity.visualscripting@1.7.6\Editor\VisualScripting.Core\Dependencies\DotNetZip\Unity.VisualScripting.IonicZip.dll
Native extension for WindowsStandalone target not found
Refreshing native plugins compatible for Editor in 57.88 ms, found 3 plugins.
Preloading 0 native plugins for Editor in 0.00 ms.
Mono: successfully reloaded assembly
- Completed reload, in  0.816 seconds
Domain Reload Profiling:
	ReloadAssembly (816ms)
		BeginReloadAssembly (88ms)
			ExecutionOrderSort (0ms)
			DisableScriptedObjects (5ms)
			BackupInstance (0ms)
			ReleaseScriptingObjects (0ms)
			CreateAndSetChildDomain (14ms)
		EndReloadAssembly (646ms)
			LoadAssemblies (68ms)
			RebuildTransferFunctionScriptingTraits (0ms)
			SetupTypeCache (164ms)
			ReleaseScriptCaches (0ms)
			RebuildScriptCaches (37ms)
			SetupLoadedEditorAssemblies (351ms)
				LogAssemblyErrors (0ms)
				InitializePlatformSupportModulesInManaged (4ms)
				SetLoadedEditorAssemblies (0ms)
				RefreshPlugins (58ms)
				BeforeProcessingInitializeOnLoad (63ms)
				ProcessInitializeOnLoadAttributes (203ms)
				ProcessInitializeOnLoadMethodAttributes (14ms)
				AfterProcessingInitializeOnLoad (8ms)
				EditorAssembliesLoaded (0ms)
			ExecutionOrderSort2 (0ms)
			AwakeInstancesAfterBackupRestoration (5ms)
Platform modules already initialized, skipping
========================================================================
Worker process is ready to serve import requests
Launched and connected shader compiler UnityShaderCompiler.exe after 0.03 seconds
Refreshing native plugins compatible for Editor in 0.45 ms, found 3 plugins.
Preloading 0 native plugins for Editor in 0.00 ms.
Unloading 3586 Unused Serialized files (Serialized files now loaded: 0)
Unloading 26 unused Assets / (112.7 KB). Loaded Objects now: 4054.
Memory consumption went from 203.5 MB to 203.3 MB.
Total: 2.621300 ms (FindLiveObjects: 0.198300 ms CreateObjectMapping: 0.087900 ms MarkObjects: 2.260100 ms  DeleteObjects: 0.074400 ms)

AssetImportParameters requested are different than current active one (requested -> active):
  custom:video-decoder-ogg-theora: a1e56fd34408186e4bbccfd4996cb3dc -> 
  custom:container-muxer-webm: aa71ff27fc2769a1b78a27578f13a17b -> 
  custom:container-demuxer-webm: 4f35f7cbe854078d1ac9338744f61a02 -> 
  custom:video-encoder-webm-vp8: eb34c28f22e8b96e1ab97ce403110664 -> 
  custom:audio-encoder-webm-vorbis: bf7c407c2cedff20999df2af8eb42d56 -> 
  custom:framework-win-MediaFoundation: 216162199b28c13a410421893ffa2e32 -> 
  custom:container-demuxer-ogg: 62fdf1f143b41e24485cea50d1cbac27 -> 
  custom:video-decoder-webm-vp8: 9c59270c3fd7afecdb556c50c9e8de78 -> 
  custom:audio-decoder-ogg-vorbis: bf7c407c2cedff20999df2af8eb42d56 -> 
========================================================================
Received Import Request.
  Time since last request: 4226.492952 seconds.
  path: Assets/Models/Shield/Shield.FBX
  artifactKey: Guid(fa0a723e3534aca47bcf60641f2f3a8d) Importer(815301076,1909f56bfc062723c751e8b465ee728b)
Start importing Assets/Models/Shield/Shield.FBX using Guid(fa0a723e3534aca47bcf60641f2f3a8d) Importer(815301076,1909f56bfc062723c751e8b465ee728b)  -> (artifact id: '6b6a7756f4e33e08f8e093c46108a0a3') in 0.365875 seconds 
========================================================================
Received Import Request.
  Time since last request: 5.451504 seconds.
  path: Assets/Models/Shield/Materials/Spheres.mat
  artifactKey: Guid(3f65a84e56ae9f34aafbd249d0e52553) Importer(815301076,1909f56bfc062723c751e8b465ee728b)
Start importing Assets/Models/Shield/Materials/Spheres.mat using Guid(3f65a84e56ae9f34aafbd249d0e52553) Importer(815301076,1909f56bfc062723c751e8b465ee728b)  -> (artifact id: 'af3f0c41b59bee3fdf2abd9b5cf15db8') in 0.020966 seconds 
========================================================================
Received Import Request.
  Time since last request: 79.143142 seconds.
  path: Assets/Models/Shield/Materials/Spheres.mat
  artifactKey: Guid(3f65a84e56ae9f34aafbd249d0e52553) Importer(815301076,1909f56bfc062723c751e8b465ee728b)
Start importing Assets/Models/Shield/Materials/Spheres.mat using Guid(3f65a84e56ae9f34aafbd249d0e52553) Importer(815301076,1909f56bfc062723c751e8b465ee728b)  -> (artifact id: '2fbf99d2b6764996be368bdc122293b5') in 0.008897 seconds 
========================================================================
Received Import Request.
  Time since last request: 76.658882 seconds.
  path: Assets/TextMesh Pro/Resources/Fonts & Materials/LiberationSans SDF - Outline.mat
  artifactKey: Guid(79459efec17a4d00a321bdcc27bbc385) Importer(815301076,1909f56bfc062723c751e8b465ee728b)
Start importing Assets/TextMesh Pro/Resources/Fonts & Materials/LiberationSans SDF - Outline.mat using Guid(79459efec17a4d00a321bdcc27bbc385) Importer(815301076,1909f56bfc062723c751e8b465ee728b)  -> (artifact id: '4bc05451419358d5095fe1693f0612bd') in 0.023292 seconds 
========================================================================
Received Import Request.
  Time since last request: 0.000013 seconds.
  path: Assets/Models/Props_3D/Materials/material_hourglass.mat
  artifactKey: Guid(1e2bede88db814463b6c5e982ec91f09) Importer(815301076,1909f56bfc062723c751e8b465ee728b)
Start importing Assets/Models/Props_3D/Materials/material_hourglass.mat using Guid(1e2bede88db814463b6c5e982ec91f09) Importer(815301076,1909f56bfc062723c751e8b465ee728b)  -> (artifact id: '07085228c6b263450097cec7132d610f') in 0.030135 seconds 
========================================================================
Received Import Request.
  Time since last request: 1.427417 seconds.
  path: Assets/Models/Props_3D/Prefabs/models/hourglass.prefab
  artifactKey: Guid(81dde4db9e926495bbfae9480c3e2894) Importer(815301076,1909f56bfc062723c751e8b465ee728b)
Start importing Assets/Models/Props_3D/Prefabs/models/hourglass.prefab using Guid(81dde4db9e926495bbfae9480c3e2894) Importer(815301076,1909f56bfc062723c751e8b465ee728b)  -> (artifact id: 'baf83198dd0be4757dc7fa4ab782579f') in 0.012456 seconds 
========================================================================
Received Import Request.
  Time since last request: 0.000013 seconds.
  path: Assets/Models/Props_3D/Prefabs/models/hourglass_lowpoly.prefab
  artifactKey: Guid(0298781f44cff4a65a365f81fe372fec) Importer(815301076,1909f56bfc062723c751e8b465ee728b)
Start importing Assets/Models/Props_3D/Prefabs/models/hourglass_lowpoly.prefab using Guid(0298781f44cff4a65a365f81fe372fec) Importer(815301076,1909f56bfc062723c751e8b465ee728b)  -> (artifact id: 'e7a735f8bf4f0647c869e6a1ec44e651') in 0.010160 seconds 
========================================================================
Received Import Request.
  Time since last request: 0.000011 seconds.
  path: Assets/Models/VIASS FreeCharacter Pack/FIle prefab/VIASS_Dman.prefab
  artifactKey: Guid(eea16ef0f58854448aaa9db9257bc84b) Importer(815301076,1909f56bfc062723c751e8b465ee728b)
Start importing Assets/Models/VIASS FreeCharacter Pack/FIle prefab/VIASS_Dman.prefab using Guid(eea16ef0f58854448aaa9db9257bc84b) Importer(815301076,1909f56bfc062723c751e8b465ee728b)  -> (artifact id: 'a931b59bc21449866081f37f0b7b1af4') in 0.020790 seconds 
========================================================================
Received Import Request.
  Time since last request: 0.344232 seconds.
  path: Assets/Models/Props_3D/Fbx/hourglass_lowpoly.fbx
  artifactKey: Guid(e2035f68f3b704a6686805b0177ba101) Importer(815301076,1909f56bfc062723c751e8b465ee728b)
Start importing Assets/Models/Props_3D/Fbx/hourglass_lowpoly.fbx using Guid(e2035f68f3b704a6686805b0177ba101) Importer(815301076,1909f56bfc062723c751e8b465ee728b)  -> (artifact id: 'bc5599222354598eec80ee1e0aa4e318') in 0.014640 seconds 
========================================================================
Received Import Request.
  Time since last request: 0.000013 seconds.
  path: Assets/Models/Props_3D/Fbx/hourglass_sand.fbx
  artifactKey: Guid(99f5dea786c5549a0bfd63f0418b2db6) Importer(815301076,1909f56bfc062723c751e8b465ee728b)
Start importing Assets/Models/Props_3D/Fbx/hourglass_sand.fbx using Guid(99f5dea786c5549a0bfd63f0418b2db6) Importer(815301076,1909f56bfc062723c751e8b465ee728b)  -> (artifact id: 'f1bb644c368609d693078e01265ad44f') in 0.012203 seconds 
========================================================================
Received Import Request.
  Time since last request: 0.000014 seconds.
  path: Assets/Models/Props_3D/Fbx/hourglass_lowpoly_sand.fbx
  artifactKey: Guid(0b1ad053a401f47baa35917b3406ae10) Importer(815301076,1909f56bfc062723c751e8b465ee728b)
Start importing Assets/Models/Props_3D/Fbx/hourglass_lowpoly_sand.fbx using Guid(0b1ad053a401f47baa35917b3406ae10) Importer(815301076,1909f56bfc062723c751e8b465ee728b)  -> (artifact id: '43883cec8055c29424a782659325574e') in 0.011322 seconds 
Editor requested this worker to shutdown with reason: Scaling down because of idle timeout
AssetImportWorker is now disconnected from the server
Process exiting
Exiting without the bug reporter. Application will terminate with return code 0